* using log directory 'C:/Users/andre/Documents/essentials/essentials.Rcheck'
* using R version 4.1.2 (2021-11-01)
* using platform: x86_64-w64-mingw32 (64-bit)
* using session charset: ISO8859-1
* using option '--as-cran'
* checking for file 'essentials/DESCRIPTION' ... OK
* this is package 'essentials' version '0.2.0'
* package encoding: UTF-8
* checking CRAN incoming feasibility ... Note_to_CRAN_maintainers
Maintainer: 'Andrew Simmons <akwsimmo@gmail.com>'
* checking package namespace information ... OK
* checking package dependencies ... OK
* checking if this is a source package ... OK
* checking if there is a namespace ... OK
* checking for executable files ... OK
* checking for hidden files and directories ... OK
* checking for portable file names ... OK
* checking serialization versions ... OK
* checking whether package 'essentials' can be installed ... OK
* checking installed package size ... OK
* checking package directory ... OK
* checking for future file timestamps ... OK
* checking 'build' directory ... OK
* checking DESCRIPTION meta-information ... OK
* checking top-level files ... OK
* checking for left-over files ... OK
* checking index information ... OK
* checking package subdirectories ... OK
* checking R files for non-ASCII characters ... OK
* checking R files for syntax errors ... OK
* loading checks for arch 'i386'
** checking whether the package can be loaded ... OK
** checking whether the package can be loaded with stated dependencies ... OK
** checking whether the package can be unloaded cleanly ... OK
** checking whether the namespace can be loaded with stated dependencies ... OK
** checking whether the namespace can be unloaded cleanly ... OK
** checking loading without being on the library search path ... OK
** checking use of S3 registration ... OK
* loading checks for arch 'x64'
** checking whether the package can be loaded ... OK
** checking whether the package can be loaded with stated dependencies ... OK
** checking whether the package can be unloaded cleanly ... OK
** checking whether the namespace can be loaded with stated dependencies ... OK
** checking whether the namespace can be unloaded cleanly ... OK
** checking loading without being on the library search path ... OK
** checking use of S3 registration ... OK
* checking dependencies in R code ... OK
* checking S3 generic/method consistency ... OK
* checking replacement functions ... OK
* checking foreign function calls ... OK
* checking R code for possible problems ... OK
* checking Rd files ... OK
* checking Rd metadata ... OK
* checking Rd line widths ... OK
* checking Rd cross-references ... OK
* checking for missing documentation entries ... WARNING
Undocumented code objects:
  'add.legend' 'adj.margins' 'dir.choose' 'dir.copy' 'ext' 'extension'
  'fix.xlog' 'fix.ylog' 'is.scalar' 'isMissingArg' 'legendPart'
  'legendPart<-' 'location' 'location<-' 'readlineQuoted' 'regexencode'
  'remove.extension' 'rm.ext' 'strsplit2' 'tempname' 'zap' 'zap.csv'
  'zap.csv2' 'zap.delim' 'zap.delim2' 'zap.table'
All user-level objects in a package should have documentation entries.
See chapter 'Writing R documentation files' in the 'Writing R
Extensions' manual.
* checking for code/documentation mismatches ... OK
* checking Rd \usage sections ... OK
* checking Rd contents ... OK
* checking for unstated dependencies in examples ... OK
* checking line endings in C/C++/Fortran sources/headers ... OK
* checking pragmas in C/C++ headers and code ... OK
* checking compilation flags used ... OK
* checking compiled code ... NOTE
Note: information on .o files for i386 is not available
Note: information on .o files for x64 is not available
File 'C:/Users/andre/Documents/essentials/essentials.Rcheck/essentials/libs/i386/essentials.dll':
  Found 'abort', possibly from 'abort' (C), 'runtime' (Fortran)
File 'C:/Users/andre/Documents/essentials/essentials.Rcheck/essentials/libs/x64/essentials.dll':
  Found 'abort', possibly from 'abort' (C), 'runtime' (Fortran)

Compiled code should not call entry points which might terminate R nor
write to stdout/stderr instead of to the console, nor use Fortran I/O
nor system RNGs. The detected symbols are linked into the code but
might come from libraries and not actually be called.

See 'Writing portable packages' in the 'Writing R Extensions' manual.
 WARNING
'qpdf' is needed for checks on size reduction of PDFs
* checking installed files from 'inst/doc' ... OK
* checking files in 'vignettes' ... OK
* checking examples ...
** running examples for arch 'i386' ... OK
** running examples for arch 'x64' ... OK
* checking for unstated dependencies in 'tests' ... OK
* checking tests ...
** running tests for arch 'i386' ... OK
  Running 'Alphabetic_characters.R'
  Running 'ArgumentParser001.R'
  Running 'ArgumentParser002.R'
  Running 'ArgumentParser003.R'
  Running 'ArgumentParser004.R'
  Running 'ArgumentParser006.R'
  Running 'ArgumentParser007.R'
  Running 'ArgumentParser008.R'
  Running 'R.R'
  Running 'delayed_eval.R'
  Running 'do.while.R'
  Running 'double_quotes.R'
  Running 'parse.args.from.file.R'
  Running 'test.withArgs.R'
  Running 'test4.R'
** running tests for arch 'x64' ... OK
  Running 'Alphabetic_characters.R'
  Running 'ArgumentParser001.R'
  Running 'ArgumentParser002.R'
  Running 'ArgumentParser003.R'
  Running 'ArgumentParser004.R'
  Running 'ArgumentParser006.R'
  Running 'ArgumentParser007.R'
  Running 'ArgumentParser008.R'
  Running 'R.R'
  Running 'delayed_eval.R'
  Running 'do.while.R'
  Running 'double_quotes.R'
  Running 'parse.args.from.file.R'
  Running 'test.withArgs.R'
  Running 'test4.R'
* checking for unstated dependencies in vignettes ... OK
* checking package vignettes in 'inst/doc' ... OK
* checking re-building of vignette outputs ... OK
* checking PDF version of manual ... OK
* checking for non-standard things in the check directory ... OK
* checking for detritus in the temp directory ... OK
* DONE
Status: 2 WARNINGs, 1 NOTE
