This is pdfTeX, Version 3.141592653-2.6-1.40.22 (MiKTeX 21.2) (preloaded format=pdflatex 2021.3.18)  9 MAR 2022 20:42
entering extended mode
**C:/Users/andre/AppData/Local/Temp/RtmpiarAmf/Rd2pdf305cab055b2/Rd2.tex
(C:/Users/andre/AppData/Local/Temp/RtmpiarAmf/Rd2pdf305cab055b2/Rd2.tex
LaTeX2e <2020-10-01> patch level 4
L3 programming layer <2021-02-18> xparse <2020-03-03>
(C:\Users\andre\AppData\Local\Programs\MiKTeX\tex/latex/base\book.cls
Document Class: book 2020/04/10 v1.4m Standard LaTeX document class
(C:\Users\andre\AppData\Local\Programs\MiKTeX\tex/latex/base\bk10.clo
File: bk10.clo 2020/04/10 v1.4m Standard LaTeX file (size option)
)
\c@part=\count179
\c@chapter=\count180
\c@section=\count181
\c@subsection=\count182
\c@subsubsection=\count183
\c@paragraph=\count184
\c@subparagraph=\count185
\c@figure=\count186
\c@table=\count187
\abovecaptionskip=\skip47
\belowcaptionskip=\skip48
\bibindent=\dimen138
)
(C:/PROGRA~1/R/R-4.1.2/share/texmf/tex/latex\Rd.sty
Package: Rd 

(C:\Users\andre\AppData\Local\Programs\MiKTeX\tex/latex/base\ifthen.sty
Package: ifthen 2014/09/29 v1.1c Standard LaTeX ifthen package (DPC)
)
(C:\Users\andre\AppData\Local\Programs\MiKTeX\tex/latex/latex-tools\longtable.s
ty
Package: longtable 2020/01/07 v4.13 Multi-page Table package (DPC)
\LTleft=\skip49
\LTright=\skip50
\LTpre=\skip51
\LTpost=\skip52
\LTchunksize=\count188
\LTcapwidth=\dimen139
\LT@head=\box47
\LT@firsthead=\box48
\LT@foot=\box49
\LT@lastfoot=\box50
\LT@cols=\count189
\LT@rows=\count190
\c@LT@tables=\count191
\c@LT@chunks=\count192
\LT@p@ftn=\toks15
) (C:\Users\andre\AppData\Local\Programs\MiKTeX\tex/latex/latex-tools\bm.sty
Package: bm 2019/07/24 v1.2d Bold Symbol Support (DPC/FMi)
\symboldoperators=\mathgroup4
\symboldletters=\mathgroup5
\symboldsymbols=\mathgroup6
LaTeX Font Info:    Redeclaring math alphabet \mathbf on input line 141.
LaTeX Info: Redefining \bm on input line 209.
) (C:\Users\andre\AppData\Local\Programs\MiKTeX\tex/latex/base\alltt.sty
Package: alltt 1997/06/16 v2.0g defines alltt environment
)
(C:\Users\andre\AppData\Local\Programs\MiKTeX\tex/latex/latex-tools\verbatim.st
y
Package: verbatim 2020-07-07 v1.5u LaTeX2e package for verbatim enhancements
\every@verbatim=\toks16
\verbatim@line=\toks17
\verbatim@in@stream=\read2
) (C:\Users\andre\AppData\Local\Programs\MiKTeX\tex/latex/url\url.sty
\Urlmuskip=\muskip16
Package: url 2013/09/16  ver 3.4  Verb mode for urls, etc.
)
(C:\Users\andre\AppData\Local\Programs\MiKTeX\tex/latex/base\textcomp.sty
Package: textcomp 2020/02/02 v2.0n Standard LaTeX package
)
\ldescriptionwidth=\skip53

(C:\Users\andre\AppData\Local\Programs\MiKTeX\tex/latex/base\fontenc.sty
Package: fontenc 2020/08/10 v2.0s Standard LaTeX package
)
(C:\Users\andre\AppData\Local\Programs\MiKTeX\tex/latex/psnfss\times.sty
Package: times 2020/03/25 PSNFSS-v9.3 (SPQR) 
)
(C:\Users\andre\AppData\Local\Programs\MiKTeX\tex/latex/inconsolata\zi4.sty
Package: zi4 2019/05/17 v1.12

`inconsolata-zi4' v1.12, 2019/05/17 Text macros for Inconsolata (msharpe)
(C:\Users\andre\AppData\Local\Programs\MiKTeX\tex/latex/xkeyval\xkeyval.sty
Package: xkeyval 2020/11/20 v2.8 package option processing (HA)

(C:\Users\andre\AppData\Local\Programs\MiKTeX\tex/generic/xkeyval\xkeyval.tex
(C:\Users\andre\AppData\Local\Programs\MiKTeX\tex/generic/xkeyval\xkvutils.tex
\XKV@toks=\toks18
\XKV@tempa@toks=\toks19

(C:\Users\andre\AppData\Local\Programs\MiKTeX\tex/generic/xkeyval\keyval.tex))
\XKV@depth=\count193
File: xkeyval.tex 2014/12/03 v2.7a key=value parser (HA)
))
\zifour@ocount=\count194
) (C:\Users\andre\AppData\Local\Programs\MiKTeX\tex/latex/graphics\color.sty
Package: color 2020/02/24 v1.2b Standard LaTeX Color (DPC)

(C:\Users\andre\AppData\Local\Programs\MiKTeX\tex/latex/graphics-cfg\color.cfg
File: color.cfg 2016/01/02 v1.6 sample color configuration
)
Package color Info: Driver file: pdftex.def on input line 147.

(C:\Users\andre\AppData\Local\Programs\MiKTeX\tex/latex/graphics-def\pdftex.def
File: pdftex.def 2020/10/05 v1.2a Graphics/color driver for pdftex
))
(C:\Users\andre\AppData\Local\Programs\MiKTeX\tex/latex/hyperref\hyperref.sty
Package: hyperref 2021-02-10 v7.00j Hypertext links for LaTeX

(C:\Users\andre\AppData\Local\Programs\MiKTeX\tex/generic/ltxcmds\ltxcmds.sty
Package: ltxcmds 2020-05-10 v1.25 LaTeX kernel commands for general use (HO)
)
(C:\Users\andre\AppData\Local\Programs\MiKTeX\tex/generic/iftex\iftex.sty
Package: iftex 2020/03/06 v1.0d TeX engine tests
)
(C:\Users\andre\AppData\Local\Programs\MiKTeX\tex/generic/pdftexcmds\pdftexcmds
.sty
Package: pdftexcmds 2020-06-27 v0.33 Utility functions of pdfTeX for LuaTeX (HO
)

(C:\Users\andre\AppData\Local\Programs\MiKTeX\tex/generic/infwarerr\infwarerr.s
ty
Package: infwarerr 2019/12/03 v1.5 Providing info/warning/error messages (HO)
)
Package pdftexcmds Info: \pdf@primitive is available.
Package pdftexcmds Info: \pdf@ifprimitive is available.
Package pdftexcmds Info: \pdfdraftmode found.
)
(C:\Users\andre\AppData\Local\Programs\MiKTeX\tex/generic/kvsetkeys\kvsetkeys.s
ty
Package: kvsetkeys 2019/12/15 v1.18 Key value parser (HO)
)
(C:\Users\andre\AppData\Local\Programs\MiKTeX\tex/generic/kvdefinekeys\kvdefine
keys.sty
Package: kvdefinekeys 2019-12-19 v1.6 Define keys (HO)
)
(C:\Users\andre\AppData\Local\Programs\MiKTeX\tex/generic/pdfescape\pdfescape.s
ty
Package: pdfescape 2019/12/09 v1.15 Implements pdfTeX's escape features (HO)
) (C:\Users\andre\AppData\Local\Programs\MiKTeX\tex/latex/hycolor\hycolor.sty
Package: hycolor 2020-01-27 v1.10 Color options for hyperref/bookmark (HO)
)
(C:\Users\andre\AppData\Local\Programs\MiKTeX\tex/latex/letltxmacro\letltxmacro
.sty
Package: letltxmacro 2019/12/03 v1.6 Let assignment for LaTeX macros (HO)
)
(C:\Users\andre\AppData\Local\Programs\MiKTeX\tex/latex/auxhook\auxhook.sty
Package: auxhook 2019-12-17 v1.6 Hooks for auxiliary files (HO)
)
(C:\Users\andre\AppData\Local\Programs\MiKTeX\tex/latex/kvoptions\kvoptions.sty
Package: kvoptions 2020-10-07 v3.14 Key value format for package options (HO)
)
\@linkdim=\dimen140
\Hy@linkcounter=\count195
\Hy@pagecounter=\count196
 (C:\Users\andre\AppData\Local\Programs\MiKTeX\tex/latex/hyperref\pd1enc.def
File: pd1enc.def 2021-02-10 v7.00j Hyperref: PDFDocEncoding definition (HO)
Now handling font encoding PD1 ...
... no UTF-8 mapping file for font encoding PD1
)
(C:\Users\andre\AppData\Local\Programs\MiKTeX\tex/latex/hyperref\hyperref-langp
atches.def
File: hyperref-langpatches.def 2021-02-10 v7.00j Hyperref: patches for babel la
nguages
)
(C:\Users\andre\AppData\Local\Programs\MiKTeX\tex/generic/intcalc\intcalc.sty
Package: intcalc 2019/12/15 v1.3 Expandable calculations with integers (HO)
)
(C:\Users\andre\AppData\Local\Programs\MiKTeX\tex/generic/etexcmds\etexcmds.sty
Package: etexcmds 2019/12/15 v1.7 Avoid name clashes with e-TeX commands (HO)
)
\Hy@SavedSpaceFactor=\count197
 (C:\Users\andre\AppData\Local\Programs\MiKTeX\tex/latex/hyperref\puenc.def
File: puenc.def 2021-02-10 v7.00j Hyperref: PDF Unicode definition (HO)
Now handling font encoding PU ...
... no UTF-8 mapping file for font encoding PU
)
Package hyperref Info: Hyper figures OFF on input line 4192.
Package hyperref Info: Link nesting OFF on input line 4197.
Package hyperref Info: Hyper index ON on input line 4200.
Package hyperref Info: Plain pages OFF on input line 4207.
Package hyperref Info: Backreferencing OFF on input line 4212.
Package hyperref Info: Implicit mode ON; LaTeX internals redefined.
Package hyperref Info: Bookmarks ON on input line 4445.
\c@Hy@tempcnt=\count198
LaTeX Info: Redefining \url on input line 4804.
\XeTeXLinkMargin=\dimen141

(C:\Users\andre\AppData\Local\Programs\MiKTeX\tex/generic/bitset\bitset.sty
Package: bitset 2019/12/09 v1.3 Handle bit-vector datatype (HO)

(C:\Users\andre\AppData\Local\Programs\MiKTeX\tex/generic/bigintcalc\bigintcalc
.sty
Package: bigintcalc 2019/12/15 v1.5 Expandable calculations on big integers (HO
)
))
\Fld@menulength=\count199
\Field@Width=\dimen142
\Fld@charsize=\dimen143
Package hyperref Info: Hyper figures OFF on input line 6075.
Package hyperref Info: Link nesting OFF on input line 6080.
Package hyperref Info: Hyper index ON on input line 6083.
Package hyperref Info: backreferencing OFF on input line 6090.
Package hyperref Info: Link coloring OFF on input line 6095.
Package hyperref Info: Link coloring with OCG OFF on input line 6100.
Package hyperref Info: PDF/A mode OFF on input line 6105.
LaTeX Info: Redefining \ref on input line 6145.
LaTeX Info: Redefining \pageref on input line 6149.

(C:\Users\andre\AppData\Local\Programs\MiKTeX\tex/latex/base\atbegshi-ltx.sty
Package: atbegshi-ltx 2020/08/17 v1.0a Emulation of the original atbegshi packa
ge
with kernel methods
)
\Hy@abspage=\count266
\c@Item=\count267
\c@Hfootnote=\count268
)
Package hyperref Info: Driver (autodetected): hpdftex.
(C:\Users\andre\AppData\Local\Programs\MiKTeX\tex/latex/hyperref\hpdftex.def
File: hpdftex.def 2021-02-10 v7.00j Hyperref driver for pdfTeX

(C:\Users\andre\AppData\Local\Programs\MiKTeX\tex/latex/base\atveryend-ltx.sty
Package: atveryend-ltx 2020/08/19 v1.0a Emulation of the original atvery packag
e
with kernel methods
)
\Fld@listcount=\count269
\c@bookmark@seq@number=\count270

(C:\Users\andre\AppData\Local\Programs\MiKTeX\tex/latex/rerunfilecheck\rerunfil
echeck.sty
Package: rerunfilecheck 2019/12/05 v1.9 Rerun checks for auxiliary files (HO)

(C:\Users\andre\AppData\Local\Programs\MiKTeX\tex/generic/uniquecounter\uniquec
ounter.sty
Package: uniquecounter 2019/12/15 v1.4 Provide unlimited unique counter (HO)
)
Package uniquecounter Info: New unique counter `rerunfilecheck' on input line 2
86.
)
\Hy@SectionHShift=\skip54
)

Package hyperref Warning: Option `hyperindex' has already been used,
(hyperref)                setting the option has no effect on input line 377.

Package hyperref Info: Option `colorlinks' set `true' on input line 377.

Package hyperref Warning: Option `pagebackref' has already been used,
(hyperref)                setting the option has no effect on input line 377.

Package hyperref Info: Option `linktocpage' set `true' on input line 377.
Package hyperref Info: Option `plainpages' set `false' on input line 377.
) (C:\Users\andre\AppData\Local\Programs\MiKTeX\tex/latex/base\makeidx.sty
Package: makeidx 2014/09/29 v1.0m Standard LaTeX package
)
(C:\Users\andre\AppData\Local\Programs\MiKTeX\tex/latex/base\inputenc.sty
Package: inputenc 2020/08/01 v1.3d Input encoding file
\inpenc@prehook=\toks20
\inpenc@posthook=\toks21
)
\@indexfile=\write3
\openout3 = `Rd2.idx'.


Writing index file Rd2.idx
LaTeX Font Info:    Trying to load font information for T1+ptm on input line 8.

(C:\Users\andre\AppData\Local\Programs\MiKTeX\tex/latex/psnfss\t1ptm.fd
File: t1ptm.fd 2001/06/04 font definitions for T1/ptm.
)
(C:\Users\andre\AppData\Local\Programs\MiKTeX\tex/latex/l3backend\l3backend-pdf
tex.def
File: l3backend-pdftex.def 2021-02-18 L3 backend support: PDF output (pdfTeX)
\l__color_backend_stack_int=\count271
\l__pdf_internal_box=\box51
) (Rd2.aux)
\openout1 = `Rd2.aux'.

LaTeX Font Info:    Checking defaults for OML/cmm/m/it on input line 8.
LaTeX Font Info:    ... okay on input line 8.
LaTeX Font Info:    Checking defaults for OMS/cmsy/m/n on input line 8.
LaTeX Font Info:    ... okay on input line 8.
LaTeX Font Info:    Checking defaults for OT1/cmr/m/n on input line 8.
LaTeX Font Info:    ... okay on input line 8.
LaTeX Font Info:    Checking defaults for T1/cmr/m/n on input line 8.
LaTeX Font Info:    ... okay on input line 8.
LaTeX Font Info:    Checking defaults for TS1/cmr/m/n on input line 8.
LaTeX Font Info:    ... okay on input line 8.
LaTeX Font Info:    Checking defaults for OMX/cmex/m/n on input line 8.
LaTeX Font Info:    ... okay on input line 8.
LaTeX Font Info:    Checking defaults for U/cmr/m/n on input line 8.
LaTeX Font Info:    ... okay on input line 8.
LaTeX Font Info:    Checking defaults for PD1/pdf/m/n on input line 8.
LaTeX Font Info:    ... okay on input line 8.
LaTeX Font Info:    Checking defaults for PU/pdf/m/n on input line 8.
LaTeX Font Info:    ... okay on input line 8.

(C:\Users\andre\AppData\Local\Programs\MiKTeX\tex/context/base/mkii\supp-pdf.mk
ii
[Loading MPS to PDF converter (version 2006.09.02).]
\scratchcounter=\count272
\scratchdimen=\dimen144
\scratchbox=\box52
\nofMPsegments=\count273
\nofMParguments=\count274
\everyMPshowfont=\toks22
\MPscratchCnt=\count275
\MPscratchDim=\dimen145
\MPnumerator=\count276
\makeMPintoPDFobject=\count277
\everyMPtoPDFconversion=\toks23
)
Package hyperref Info: Link coloring ON on input line 8.
 (C:\Users\andre\AppData\Local\Programs\MiKTeX\tex/latex/hyperref\nameref.sty
Package: nameref 2021-04-02 v2.47 Cross-referencing by name of section

(C:\Users\andre\AppData\Local\Programs\MiKTeX\tex/latex/refcount\refcount.sty
Package: refcount 2019/12/15 v3.6 Data extraction from label references (HO)
)
(C:\Users\andre\AppData\Local\Programs\MiKTeX\tex/generic/gettitlestring\gettit
lestring.sty
Package: gettitlestring 2019/12/15 v1.6 Cleanup title references (HO)
)
\c@section@level=\count278
)
LaTeX Info: Redefining \ref on input line 8.
LaTeX Info: Redefining \pageref on input line 8.
LaTeX Info: Redefining \nameref on input line 8.
 (Rd2.out) (Rd2.out)
\@outlinefile=\write4
\openout4 = `Rd2.out'.

LaTeX Font Info:    Trying to load font information for T1+zi4 on input line 24
.

(C:\Users\andre\AppData\Local\Programs\MiKTeX\tex/latex/inconsolata\t1zi4.fd
File: t1zi4.fd 2018/01/14 T1/zi4 (Inconsolata)
)
LaTeX Font Info:    Font shape `T1/zi4/m/n' will be
(Font)              scaled to size 10.0pt on input line 24.
LaTeX Font Info:    External font `cmex10' loaded for size
(Font)              <7> on input line 27.
LaTeX Font Info:    External font `cmex10' loaded for size
(Font)              <5> on input line 27.
LaTeX Font Info:    Trying to load font information for T1+phv on input line 33
.

(C:\Users\andre\AppData\Local\Programs\MiKTeX\tex/latex/psnfss\t1phv.fd
File: t1phv.fd 2020/03/25 scalable font definitions for T1/phv.
)
(Rd2.toc [1


{C:/Users/andre/AppData/Local/MiKTeX/pdftex/config/pdftex.map}])
\tf@toc=\write5
\openout5 = `Rd2.toc'.


[2]
LaTeX Font Info:    Font shape `T1/zi4/m/n' will be
(Font)              scaled to size 9.0pt on input line 67.
LaTeX Font Info:    Trying to load font information for TS1+zi4 on input line 7
7.

(C:\Users\andre\AppData\Local\Programs\MiKTeX\tex/latex/inconsolata\ts1zi4.fd
File: ts1zi4.fd 2018/01/14 TS1/zi4 (Inconsolata)
)
LaTeX Font Info:    Font shape `TS1/zi4/m/n' will be
(Font)              scaled to size 9.0pt on input line 77.

[3] [4]
LaTeX Font Info:    Font shape `TS1/zi4/m/n' will be
(Font)              scaled to size 10.0pt on input line 199.

Overfull \hbox (18.62001pt too wide) in paragraph at lines 214--218
[]\T1/ptm/m/n/10 character string. One of \T1/zi4/m/n/10 "store"\T1/ptm/m/n/10 
, \T1/zi4/m/n/10 "store_const"\T1/ptm/m/n/10 , \T1/zi4/m/n/10 "store_true"\T1/p
tm/m/n/10 , \T1/zi4/m/n/10 "store_false"\T1/ptm/m/n/10 ,
 []

[5]
LaTeX Font Info:    Trying to load font information for TS1+ptm on input line 3
12.
 (C:\Users\andre\AppData\Local\Programs\MiKTeX\tex/latex/psnfss\ts1ptm.fd
File: ts1ptm.fd 2001/06/04 font definitions for TS1/ptm.
)
Overfull \hbox (10.06946pt too wide) in paragraph at lines 313--318
\T1/ptm/m/n/10 this man-ner does not make sense with \T1/zi4/m/n/10 action "sto
re_const"\T1/ptm/m/n/10 , \T1/zi4/m/n/10 "store_true"\T1/ptm/m/n/10 , \T1/zi4/m
/n/10 "store_false"\T1/ptm/m/n/10 ,
 []

[6] [7] [8] [9] [10] [11] [12] [13] [14] [15] [16]
Package textcomp Info: Symbol \textasciigrave not provided by
(textcomp)             font family zi4 in TS1 encoding.
(textcomp)             Default family used instead on input line 1136.
LaTeX Font Info:    Trying to load font information for T1+cmtt on input line 1
136.

(C:\Users\andre\AppData\Local\Programs\MiKTeX\tex/latex/base\t1cmtt.fd
File: t1cmtt.fd 2019/12/16 v2.5j Standard LaTeX font definitions
)
LaTeX Font Info:    Trying to load font information for TS1+cmtt on input line 
1136.

(C:\Users\andre\AppData\Local\Programs\MiKTeX\tex/latex/base\ts1cmtt.fd
File: ts1cmtt.fd 2019/12/16 v2.5j Standard LaTeX font definitions
)
Package textcomp Info: Symbol \textasciigrave not provided by
(textcomp)             font family zi4 in TS1 encoding.
(textcomp)             Default family used instead on input line 1136.
Package textcomp Info: Symbol \textasciigrave not provided by
(textcomp)             font family zi4 in TS1 encoding.
(textcomp)             Default family used instead on input line 1137.
Package textcomp Info: Symbol \textasciigrave not provided by
(textcomp)             font family zi4 in TS1 encoding.
(textcomp)             Default family used instead on input line 1137.
Package textcomp Info: Symbol \textasciigrave not provided by
(textcomp)             font family zi4 in TS1 encoding.
(textcomp)             Default family used instead on input line 1138.
Package textcomp Info: Symbol \textasciigrave not provided by
(textcomp)             font family zi4 in TS1 encoding.
(textcomp)             Default family used instead on input line 1138.
Package textcomp Info: Symbol \textasciigrave not provided by
(textcomp)             font family zi4 in TS1 encoding.
(textcomp)             Default family used instead on input line 1138.
Package textcomp Info: Symbol \textasciigrave not provided by
(textcomp)             font family zi4 in TS1 encoding.
(textcomp)             Default family used instead on input line 1138.
Package textcomp Info: Symbol \textasciigrave not provided by
(textcomp)             font family zi4 in TS1 encoding.
(textcomp)             Default family used instead on input line 1139.
Package textcomp Info: Symbol \textasciigrave not provided by
(textcomp)             font family zi4 in TS1 encoding.
(textcomp)             Default family used instead on input line 1139.
Package textcomp Info: Symbol \textasciigrave not provided by
(textcomp)             font family zi4 in TS1 encoding.
(textcomp)             Default family used instead on input line 1139.
Package textcomp Info: Symbol \textasciigrave not provided by
(textcomp)             font family zi4 in TS1 encoding.
(textcomp)             Default family used instead on input line 1139.
Package textcomp Info: Symbol \textasciigrave not provided by
(textcomp)             font family zi4 in TS1 encoding.
(textcomp)             Default family used instead on input line 1140.
Package textcomp Info: Symbol \textasciigrave not provided by
(textcomp)             font family zi4 in TS1 encoding.
(textcomp)             Default family used instead on input line 1140.
Package textcomp Info: Symbol \textasciigrave not provided by
(textcomp)             font family zi4 in TS1 encoding.
(textcomp)             Default family used instead on input line 1140.
Package textcomp Info: Symbol \textasciigrave not provided by
(textcomp)             font family zi4 in TS1 encoding.
(textcomp)             Default family used instead on input line 1140.
Package textcomp Info: Symbol \textasciigrave not provided by
(textcomp)             font family zi4 in TS1 encoding.
(textcomp)             Default family used instead on input line 1141.
Package textcomp Info: Symbol \textasciigrave not provided by
(textcomp)             font family zi4 in TS1 encoding.
(textcomp)             Default family used instead on input line 1141.
Package textcomp Info: Symbol \textasciigrave not provided by
(textcomp)             font family zi4 in TS1 encoding.
(textcomp)             Default family used instead on input line 1141.
Package textcomp Info: Symbol \textasciigrave not provided by
(textcomp)             font family zi4 in TS1 encoding.
(textcomp)             Default family used instead on input line 1141.

[17] [18]
Package textcomp Info: Symbol \textasciigrave not provided by
(textcomp)             font family zi4 in TS1 encoding.
(textcomp)             Default family used instead on input line 1284.
Package textcomp Info: Symbol \textasciigrave not provided by
(textcomp)             font family zi4 in TS1 encoding.
(textcomp)             Default family used instead on input line 1284.
Package textcomp Info: Symbol \textasciigrave not provided by
(textcomp)             font family zi4 in TS1 encoding.
(textcomp)             Default family used instead on input line 1285.
Package textcomp Info: Symbol \textasciigrave not provided by
(textcomp)             font family zi4 in TS1 encoding.
(textcomp)             Default family used instead on input line 1285.
 [19] [20]
Package textcomp Info: Symbol \textasciigrave not provided by
(textcomp)             font family zi4 in TS1 encoding.
(textcomp)             Default family used instead on input line 1400.
Package textcomp Info: Symbol \textasciigrave not provided by
(textcomp)             font family zi4 in TS1 encoding.
(textcomp)             Default family used instead on input line 1400.
Package textcomp Info: Symbol \textasciigrave not provided by
(textcomp)             font family zi4 in TS1 encoding.
(textcomp)             Default family used instead on input line 1416.
Package textcomp Info: Symbol \textasciigrave not provided by
(textcomp)             font family zi4 in TS1 encoding.
(textcomp)             Default family used instead on input line 1416.
 [21] [22]
Overfull \hbox (20.71802pt too wide) in paragraph at lines 1491--1495
\T1/ptm/m/n/10 vari-ables. To ac-cess the value of a sin-gle en-vi-ron-ment var
i-able, one should use, e.g., \T1/zi4/m/n/10 getEnvvar("HOME")
 []

[23] [24]

LaTeX Warning: Command \textrightarrow invalid in math mode on input line 1682.


Package textcomp Info: Symbol \textrightarrow not provided by
(textcomp)             font family ptm in TS1 encoding.
(textcomp)             Default family used instead on input line 1682.

LaTeX Warning: Command \textrightarrow invalid in math mode on input line 1682.



LaTeX Warning: Command \textrightarrow invalid in math mode on input line 1682.


[25] [26] [27] [28] [29] [30] [31] [32]
Package textcomp Info: Symbol \textasciigrave not provided by
(textcomp)             font family zi4 in TS1 encoding.
(textcomp)             Default family used instead on input line 2204.
Package textcomp Info: Symbol \textasciigrave not provided by
(textcomp)             font family zi4 in TS1 encoding.
(textcomp)             Default family used instead on input line 2204.
Package textcomp Info: Symbol \textasciigrave not provided by
(textcomp)             font family zi4 in TS1 encoding.
(textcomp)             Default family used instead on input line 2205.
Package textcomp Info: Symbol \textasciigrave not provided by
(textcomp)             font family zi4 in TS1 encoding.
(textcomp)             Default family used instead on input line 2205.
 [33]
Overfull \hbox (34.90865pt too wide) in paragraph at lines 2248--2253
[]\T1/ptm/m/n/10 An S4 data.frame (cre-ated by \T1/zi4/m/n/10 x <-[][]new[][][]
("data.frame")\T1/ptm/m/n/10 ) will re-turn \T1/zi4/m/n/10 x\T1/ptm/m/n/10 . Th
is is be-cause [][]\T1/zi4/m/n/10 inherits[][][](x,"list")
 []


Overfull \hbox (68.27946pt too wide) in paragraph at lines 2260--2264
[]\T1/ptm/m/n/10 An S3 data.frame could be mod-i-fied (such as \T1/zi4/m/n/10 x
 <-[][]structure[][][](data.frame(),class = c("data.frame","list"))\T1/ptm/m/n/
10 )
 []

[34] [35] [36]
Package textcomp Info: Symbol \textasciigrave not provided by
(textcomp)             font family zi4 in TS1 encoding.
(textcomp)             Default family used instead on input line 2416.
Package textcomp Info: Symbol \textasciigrave not provided by
(textcomp)             font family zi4 in TS1 encoding.
(textcomp)             Default family used instead on input line 2416.
Package textcomp Info: Symbol \textasciigrave not provided by
(textcomp)             font family zi4 in TS1 encoding.
(textcomp)             Default family used instead on input line 2417.
Package textcomp Info: Symbol \textasciigrave not provided by
(textcomp)             font family zi4 in TS1 encoding.
(textcomp)             Default family used instead on input line 2417.
 [37] [38]
Overfull \hbox (1.8566pt too wide) in paragraph at lines 2553--2555
[]\T1/ptm/m/n/10 An um-brella for-mal class en-com-pass-ing all ob-jects in-ter
-pretable as num-bers. This in-cludes \T1/zi4/m/n/10 integer\T1/ptm/m/n/10 ,
 []


Overfull \hbox (2.02739pt too wide) in paragraph at lines 2566--2569
[]\T1/ptm/m/n/10 A method is de-fined to co-erce an ar-bi-trary ob-ject to a nu
m-bers vec-tor by call-ing [][]\T1/zi4/m/n/10 as.numbers[][][]\T1/ptm/m/n/10 .
 []

[39]
Overfull \hbox (7.04851pt too wide) in paragraph at lines 2638--2641
[]\T1/ptm/m/n/10 On Win-dows, paths are case in-sen-si-tive, so some-thing like
 `\T1/zi4/m/n/10 C:\Users\effective_user\Documents\T1/ptm/m/n/10 '
 []


Overfull \hbox (108.28847pt too wide) in paragraph at lines 2649--2654
[]\T1/ptm/m/n/10 Additionally, on Win-dows, the file sep-a-ra-tor may be ei-the
r \T1/zi4/m/n/10 "/" \T1/ptm/m/n/10 or \T1/zi4/m/n/10 "\\"\T1/ptm/m/n/10 , for 
ex-am-ple `\T1/zi4/m/n/10 C:\Users\effective_user\Documents\T1/ptm/m/n/10 '
 []

[40]
Package textcomp Info: Symbol \textasciigrave not provided by
(textcomp)             font family zi4 in TS1 encoding.
(textcomp)             Default family used instead on input line 2689.
Package textcomp Info: Symbol \textasciigrave not provided by
(textcomp)             font family zi4 in TS1 encoding.
(textcomp)             Default family used instead on input line 2689.
Package textcomp Info: Symbol \textasciigrave not provided by
(textcomp)             font family zi4 in TS1 encoding.
(textcomp)             Default family used instead on input line 2690.
Package textcomp Info: Symbol \textasciigrave not provided by
(textcomp)             font family zi4 in TS1 encoding.
(textcomp)             Default family used instead on input line 2690.
Package textcomp Info: Symbol \textasciigrave not provided by
(textcomp)             font family zi4 in TS1 encoding.
(textcomp)             Default family used instead on input line 2691.
Package textcomp Info: Symbol \textasciigrave not provided by
(textcomp)             font family zi4 in TS1 encoding.
(textcomp)             Default family used instead on input line 2691.

Overfull \hbox (3.19894pt too wide) in paragraph at lines 2702--2707
[]\T1/zi4/m/n/10 plapply\T1/ptm/m/n/10 , \T1/zi4/m/n/10 psapply\T1/ptm/m/n/10 ,
 and \T1/zi4/m/n/10 pvapply \T1/ptm/m/n/10 are mul-ti-vari-ate (\T1/ptm/b/n/10 
p\T1/ptm/m/n/10 arallel) ver-sions of [][]\T1/zi4/m/n/10 lapply[][][]\T1/ptm/m/
n/10 , [][]\T1/zi4/m/n/10 sapply[][][]\T1/ptm/m/n/10 , and [][]\T1/zi4/m/n/10 v
apply[][][]\T1/ptm/m/n/10 .
 []

[41] [42] [43] [44] [45] [46]
Overfull \hbox (19.88727pt too wide) in paragraph at lines 3247--3251
[]\T1/ptm/m/n/10 Arguments are read us-ing [][]\T1/zi4/m/n/10 scan[][][]\T1/ptm
/m/n/10 , de-lim-ited/separated
 []

[47]
Overfull \hbox (2.3173pt too wide) in paragraph at lines 3253--3257
[]\T1/ptm/m/n/10 Arguments are read us-ing [][]\T1/zi4/m/n/10 scan[][][]\T1/ptm
/m/n/10 , de-lim-ited/separated
 []


Overfull \hbox (2.01698pt too wide) in paragraph at lines 3259--3266
[]\T1/ptm/m/n/10 Arguments are read us-ing [][]\T1/zi4/m/n/10 scan[][][]\T1/ptm
/m/n/10 , de-lim-ited/separated by `white-
 []

[48]
Package textcomp Info: Symbol \textasciigrave not provided by
(textcomp)             font family zi4 in TS1 encoding.
(textcomp)             Default family used instead on input line 3345.
Package textcomp Info: Symbol \textasciigrave not provided by
(textcomp)             font family zi4 in TS1 encoding.
(textcomp)             Default family used instead on input line 3345.

Underfull \vbox (badness 10000) has occurred while \output is active []

 [49]
Underfull \vbox (badness 10000) has occurred while \output is active []

 [50]
[51]
Overfull \hbox (9.85004pt too wide) in paragraph at lines 3505--3509
[]\T1/zi4/m/n/10 row.match.data.frame \T1/ptm/m/n/10 is the method used for \T1
/zi4/m/n/10 row.match \T1/ptm/m/n/10 when one of \T1/zi4/m/n/10 x\T1/ptm/m/n/10
 , \T1/zi4/m/n/10 table \T1/ptm/m/n/10 and \T1/zi4/m/n/10 incomparables
 []

[52] [53]
Underfull \vbox (badness 10000) has occurred while \output is active []

 [54]
Underfull \vbox (badness 10000) has occurred while \output is active []

 [55]
[56]
Overfull \hbox (18.75977pt too wide) in paragraph at lines 3863--3867
[]\T1/ptm/m/n/10 a func-tion ac-cept-ing ar-gu-ments \T1/zi4/m/n/10 x\T1/ptm/m/
n/10 , \T1/zi4/m/n/10 comments\T1/ptm/m/n/10 , \T1/zi4/m/n/10 nlines.between.co
mment.and.args\T1/ptm/m/n/10 ,
 []

Package textcomp Info: Symbol \textasciigrave not provided by
(textcomp)             font family zi4 in TS1 encoding.
(textcomp)             Default family used instead on input line 3889.
Package textcomp Info: Symbol \textasciigrave not provided by
(textcomp)             font family zi4 in TS1 encoding.
(textcomp)             Default family used instead on input line 3893.
[57]
Package textcomp Info: Symbol \textasciigrave not provided by
(textcomp)             font family zi4 in TS1 encoding.
(textcomp)             Default family used instead on input line 3903.
 [58]
Package textcomp Info: Symbol \textasciigrave not provided by
(textcomp)             font family zi4 in TS1 encoding.
(textcomp)             Default family used instead on input line 4017.
Package textcomp Info: Symbol \textasciigrave not provided by
(textcomp)             font family zi4 in TS1 encoding.
(textcomp)             Default family used instead on input line 4017.
 [59]
Overfull \hbox (0.45975pt too wide) in paragraph at lines 4074--4082
\T1/ptm/m/n/10 one of the above choices, \T1/zi4/m/n/10 type \T1/ptm/m/n/10 is 
de-ter-mined by [][]\T1/zi4/m/n/10 .Platform[][][]$OS.type \T1/ptm/m/n/10 and [
][]\T1/zi4/m/n/10 capabilities[][][]("aqua")\T1/ptm/m/n/10 . 
 []

[60] [61]
Overfull \hbox (10.24097pt too wide) in paragraph at lines 4204--4206
[]\T1/zi4/m/n/10 P.E.I.\T1/ptm/m/n/10 , \T1/zi4/m/n/10 Î.-P.-É.\T1/ptm/m/n/10 ,
 \T1/zi4/m/n/10 PEI\T1/ptm/m/n/10 , \T1/zi4/m/n/10 Île du Prince-Édouard\T1/ptm
/m/n/10 , \T1/zi4/m/n/10 Île Prince-Édouard 
 []


Overfull \hbox (41.32092pt too wide) in paragraph at lines 4214--4218
[]\T1/zi4/m/n/10 Newfoundland & Labrador\T1/ptm/m/n/10 , \T1/zi4/m/n/10 Newfoun
dland\T1/ptm/m/n/10 , \T1/zi4/m/n/10 Terre-Neuve-et-Labrador\T1/ptm/m/n/10 ,
 []

[62]
Package textcomp Info: Symbol \textasciigrave not provided by
(textcomp)             font family zi4 in TS1 encoding.
(textcomp)             Default family used instead on input line 4272.
Package textcomp Info: Symbol \textasciigrave not provided by
(textcomp)             font family zi4 in TS1 encoding.
(textcomp)             Default family used instead on input line 4272.
 [63]
Underfull \vbox (badness 10000) has occurred while \output is active []

 [64]
Package textcomp Info: Symbol \textasciigrave not provided by
(textcomp)             font family zi4 in TS1 encoding.
(textcomp)             Default family used instead on input line 4389.
Package textcomp Info: Symbol \textasciigrave not provided by
(textcomp)             font family zi4 in TS1 encoding.
(textcomp)             Default family used instead on input line 4389.
Package textcomp Info: Symbol \textasciigrave not provided by
(textcomp)             font family zi4 in TS1 encoding.
(textcomp)             Default family used instead on input line 4390.
Package textcomp Info: Symbol \textasciigrave not provided by
(textcomp)             font family zi4 in TS1 encoding.
(textcomp)             Default family used instead on input line 4390.
Package textcomp Info: Symbol \textasciigrave not provided by
(textcomp)             font family zi4 in TS1 encoding.
(textcomp)             Default family used instead on input line 4391.
Package textcomp Info: Symbol \textasciigrave not provided by
(textcomp)             font family zi4 in TS1 encoding.
(textcomp)             Default family used instead on input line 4391.
Package textcomp Info: Symbol \textasciigrave not provided by
(textcomp)             font family zi4 in TS1 encoding.
(textcomp)             Default family used instead on input line 4392.
Package textcomp Info: Symbol \textasciigrave not provided by
(textcomp)             font family zi4 in TS1 encoding.
(textcomp)             Default family used instead on input line 4392.
Package textcomp Info: Symbol \textasciigrave not provided by
(textcomp)             font family zi4 in TS1 encoding.
(textcomp)             Default family used instead on input line 4393.
Package textcomp Info: Symbol \textasciigrave not provided by
(textcomp)             font family zi4 in TS1 encoding.
(textcomp)             Default family used instead on input line 4393.
Package textcomp Info: Symbol \textasciigrave not provided by
(textcomp)             font family zi4 in TS1 encoding.
(textcomp)             Default family used instead on input line 4394.
Package textcomp Info: Symbol \textasciigrave not provided by
(textcomp)             font family zi4 in TS1 encoding.
(textcomp)             Default family used instead on input line 4394.
Package textcomp Info: Symbol \textasciigrave not provided by
(textcomp)             font family zi4 in TS1 encoding.
(textcomp)             Default family used instead on input line 4395.
Package textcomp Info: Symbol \textasciigrave not provided by
(textcomp)             font family zi4 in TS1 encoding.
(textcomp)             Default family used instead on input line 4395.
Package textcomp Info: Symbol \textasciigrave not provided by
(textcomp)             font family zi4 in TS1 encoding.
(textcomp)             Default family used instead on input line 4398.
Package textcomp Info: Symbol \textasciigrave not provided by
(textcomp)             font family zi4 in TS1 encoding.
(textcomp)             Default family used instead on input line 4398.
Package textcomp Info: Symbol \textasciigrave not provided by
(textcomp)             font family zi4 in TS1 encoding.
(textcomp)             Default family used instead on input line 4398.
Package textcomp Info: Symbol \textasciigrave not provided by
(textcomp)             font family zi4 in TS1 encoding.
(textcomp)             Default family used instead on input line 4398.

Underfull \vbox (badness 10000) has occurred while \output is active []

 [65]
[66]
Overfull \hbox (9.73888pt too wide) in paragraph at lines 4507--4510
[]\T1/ptm/m/n/10 using [][]\T1/zi4/m/n/10 sprintf[][][]("0x%02x",) \T1/ptm/m/n/
10 (can eas-ily con-vert back to raw with [][]\T1/zi4/m/n/10 as.raw[][][]()
 []


Overfull \hbox (27.93736pt too wide) in paragraph at lines 4517--4520
[]\T1/ptm/m/n/10 The ar-gu-ments will then be un-listed, and all at-tributes wi
ll be re-moved. Ar-gu-ments that are \T1/zi4/m/n/10 NA_character_
 []

Package textcomp Info: Symbol \textasciigrave not provided by
(textcomp)             font family zi4 in TS1 encoding.
(textcomp)             Default family used instead on input line 4552.
Package textcomp Info: Symbol \textasciigrave not provided by
(textcomp)             font family zi4 in TS1 encoding.
(textcomp)             Default family used instead on input line 4552.
Package textcomp Info: Symbol \textasciigrave not provided by
(textcomp)             font family zi4 in TS1 encoding.
(textcomp)             Default family used instead on input line 4563.
Package textcomp Info: Symbol \textasciigrave not provided by
(textcomp)             font family zi4 in TS1 encoding.
(textcomp)             Default family used instead on input line 4563.
Package textcomp Info: Symbol \textasciigrave not provided by
(textcomp)             font family zi4 in TS1 encoding.
(textcomp)             Default family used instead on input line 4564.
Package textcomp Info: Symbol \textasciigrave not provided by
(textcomp)             font family zi4 in TS1 encoding.
(textcomp)             Default family used instead on input line 4564.
[67] (Rd2.ind [68]

LaTeX Font Warning: Font shape `T1/zi4/m/it' undefined
(Font)              using `T1/zi4/m/n' instead on input line 11.

LaTeX Font Info:    Font shape `T1/zi4/m/it' will be
(Font)              scaled to size 10.0pt on input line 13.

Overfull \hbox (35.8567pt too wide) in paragraph at lines 34--36
[]\T1/zi4/m/it/10 add.argument,essentials_ArgumentParser-method 
 []


Overfull \hbox (15.8567pt too wide) in paragraph at lines 40--42
[]\T1/zi4/m/it/10 add.help,essentials_ArgumentParser-method 
 []


Overfull \hbox (15.8567pt too wide) in paragraph at lines 46--48
[]\T1/zi4/m/it/10 add.skip,essentials_ArgumentParser-method 
 []


Overfull \hbox (45.8567pt too wide) in paragraph at lines 52--54
[]\T1/zi4/m/it/10 add.subparsers,essentials_ArgumentParser-method 
 []


Overfull \hbox (30.8567pt too wide) in paragraph at lines 58--60
[]\T1/zi4/m/it/10 add.version,essentials_ArgumentParser-method 
 []

[69

]
Overfull \hbox (25.8567pt too wide) in paragraph at lines 261--263
[]\T1/zi4/m/it/10 parse.args,essentials_ArgumentParser-method 
 []

[70]
Overfull \hbox (0.8567pt too wide) in paragraph at lines 311--313
[]\T1/zi4/m/it/10 row.match,data.frame,data.frame-method 
 []

[71]) (Rd2.aux)

LaTeX Font Warning: Some font shapes were not available, defaults substituted.

Package rerunfilecheck Info: File `Rd2.out' has not changed.
(rerunfilecheck)             Checksum: A6ABBB87EEFC2C1FB690855907878572;5309.
 ) 
Here is how much of TeX's memory you used:
 9350 strings out of 479334
 138295 string characters out of 2857084
 431007 words of memory out of 3000000
 26001 multiletter control sequences out of 15000+200000
 442406 words of font info for 68 fonts, out of 3000000 for 9000
 1141 hyphenation exceptions out of 8191
 88i,6n,90p,307b,616s stack positions out of 5000i,500n,10000p,200000b,50000s
pdfTeX warning (dest): name{Rfn.readRDS} has been referenced but does not exi
st, replaced by a fixed one

pdfTeX warning (dest): name{Rfn.saveRDS} has been referenced but does not exist
, replaced by a fixed one

pdfTeX warning (dest): name{Rfn.load} has been referenced but does not exist, r
eplaced by a fixed one

pdfTeX warning (dest): name{Rfn.save} has been referenced but does not exist, r
eplaced by a fixed one

pdfTeX warning (dest): name{Rfn.as.character} has been referenced but does not 
exist, replaced by a fixed one

pdfTeX warning (dest): name{Rfn.as.raw} has been referenced but does not exist,
 replaced by a fixed one

pdfTeX warning (dest): name{Rfn.sprintf} has been referenced but does not exist
, replaced by a fixed one

pdfTeX warning (dest): name{Rfn.as.character.factor} has been referenced but do
es not exist, replaced by a fixed one

pdfTeX warning (dest): name{Rfn.testthat::source.Rul.file} has been referenced 
but does not exist, replaced by a fixed one

pdfTeX warning (dest): name{Rfn.sys.source} has been referenced but does not ex
ist, replaced by a fixed one

pdfTeX warning (dest): name{Rfn.on.exit} has been referenced but does not exist
, replaced by a fixed one

pdfTeX warning (dest): name{Rfn.tryCatch} has been referenced but does not exis
t, replaced by a fixed one

pdfTeX warning (dest): name{Rfn.Long\040vectors} has been referenced but does n
ot exist, replaced by a fixed one

pdfTeX warning (dest): name{Rfn.capabilities} has been referenced but does not 
exist, replaced by a fixed one

pdfTeX warning (dest): name{Rfn..Platform} has been referenced but does not exi
st, replaced by a fixed one

pdfTeX warning (dest): name{Rfn.shQuote} has been referenced but does not exist
, replaced by a fixed one

pdfTeX warning (dest): name{Rfn.grep} has been referenced but does not exist, r
eplaced by a fixed one

pdfTeX warning (dest): name{Rfn.regular\040expression} has been referenced but 
does not exist, replaced by a fixed one

pdfTeX warning (dest): name{Rfn.rownames} has been referenced but does not exis
t, replaced by a fixed one

pdfTeX warning (dest): name{Rfn.row.names} has been referenced but does not exi
st, replaced by a fixed one

pdfTeX warning (dest): name{Rfn.match} has been referenced but does not exist, 
replaced by a fixed one

pdfTeX warning (dest): name{Rfn.gzfile} has been referenced but does not exist,
 replaced by a fixed one

pdfTeX warning (dest): name{Rfn.scan} has been referenced but does not exist, r
eplaced by a fixed one

pdfTeX warning (dest): name{Rfn.Quotes} has been referenced but does not exist,
 replaced by a fixed one

pdfTeX warning (dest): name{Rfn.comments} has been referenced but does not exis
t, replaced by a fixed one

pdfTeX warning (dest): name{Rfn.stdout} has been referenced but does not exist,
 replaced by a fixed one

pdfTeX warning (dest): name{Rfn.system} has been referenced but does not exist,
 replaced by a fixed one

pdfTeX warning (dest): name{Rfn.new.env} has been referenced but does not exist
, replaced by a fixed one

pdfTeX warning (dest): name{Rfn.source} has been referenced but does not exist,
 replaced by a fixed one

pdfTeX warning (dest): name{Rfn.globalenv} has been referenced but does not exi
st, replaced by a fixed one

pdfTeX warning (dest): name{Rfn.txtProgressBar} has been referenced but does no
t exist, replaced by a fixed one

pdfTeX warning (dest): name{Rfn.tkProgressBar} has been referenced but does not
 exist, replaced by a fixed one

pdfTeX warning (dest): name{Rfn.do.call} has been referenced but does not exist
, replaced by a fixed one

pdfTeX warning (dest): name{Rfn.simplify2array} has been referenced but does no
t exist, replaced by a fixed one

pdfTeX warning (dest): name{Rfn.vapply} has been referenced but does not exist,
 replaced by a fixed one

pdfTeX warning (dest): name{Rfn.sapply} has been referenced but does not exist,
 replaced by a fixed one

pdfTeX warning (dest): name{Rfn.lapply} has been referenced but does not exist,
 replaced by a fixed one

pdfTeX warning (dest): name{Rfn.file.path} has been referenced but does not exi
st, replaced by a fixed one

pdfTeX warning (dest): name{Rfn.path.expand} has been referenced but does not e
xist, replaced by a fixed one

pdfTeX warning (dest): name{Rfn.complex.Rdash.class} has been referenced but do
es not exist, replaced by a fixed one

pdfTeX warning (dest): name{Rfn.numeric.Rdash.class} has been referenced but do
es not exist, replaced by a fixed one

pdfTeX warning (dest): name{Rfn.mode} has been referenced but does not exist, r
eplaced by a fixed one

pdfTeX warning (dest): name{Rfn.as.vector} has been referenced but does not exi
st, replaced by a fixed one

pdfTeX warning (dest): name{Rfn.double} has been referenced but does not exist,
 replaced by a fixed one

pdfTeX warning (dest): name{Rfn.numeric} has been referenced but does not exist
, replaced by a fixed one

pdfTeX warning (dest): name{Rfn.normalized} has been referenced but does not ex
ist, replaced by a fixed one

pdfTeX warning (dest): name{Rfn.normalizePath} has been referenced but does not
 exist, replaced by a fixed one

pdfTeX warning (dest): name{Rfn.lengths} has been referenced but does not exist
, replaced by a fixed one

pdfTeX warning (dest): name{Rfn.pairlist} has been referenced but does not exis
t, replaced by a fixed one

pdfTeX warning (dest): name{Rfn.for} has been referenced but does not exist, re
placed by a fixed one

pdfTeX warning (dest): name{Rfn.structure} has been referenced but does not exi
st, replaced by a fixed one

pdfTeX warning (dest): name{Rfn.oldClass} has been referenced but does not exis
t, replaced by a fixed one

pdfTeX warning (dest): name{Rfn.data.frame} has been referenced but does not ex
ist, replaced by a fixed one

pdfTeX warning (dest): name{Rfn.extends} has been referenced but does not exist
, replaced by a fixed one

pdfTeX warning (dest): name{Rfn.inherits} has been referenced but does not exis
t, replaced by a fixed one

pdfTeX warning (dest): name{Rfn.new} has been referenced but does not exist, re
placed by a fixed one

pdfTeX warning (dest): name{Rfn..mapply} has been referenced but does not exist
, replaced by a fixed one

pdfTeX warning (dest): name{Rfn.mapply} has been referenced but does not exist,
 replaced by a fixed one

pdfTeX warning (dest): name{Rfn.list.files} has been referenced but does not ex
ist, replaced by a fixed one

pdfTeX warning (dest): name{Rfn.graphics::legend} has been referenced but does 
not exist, replaced by a fixed one

pdfTeX warning (dest): name{Rfn.baseenv\(\)} has been referenced but does not e
xist, replaced by a fixed one

pdfTeX warning (dest): name{Rfn.sys.call} has been referenced but does not exis
t, replaced by a fixed one

pdfTeX warning (dest): name{Rfn.environment} has been referenced but does not e
xist, replaced by a fixed one

pdfTeX warning (dest): name{Rfn.formula} has been referenced but does not exist
, replaced by a fixed one

pdfTeX warning (dest): name{Rfn.expression} has been referenced but does not ex
ist, replaced by a fixed one

pdfTeX warning (dest): name{Rfn.call} has been referenced but does not exist, r
eplaced by a fixed one

pdfTeX warning (dest): name{Rfn.Arithmetic} has been referenced but does not ex
ist, replaced by a fixed one

pdfTeX warning (dest): name{Rfn.dimnames} has been referenced but does not exis
t, replaced by a fixed one

pdfTeX warning (dest): name{Rfn.dim} has been referenced but does not exist, re
placed by a fixed one

pdfTeX warning (dest): name{Rfn.hcl.colors} has been referenced but does not ex
ist, replaced by a fixed one

pdfTeX warning (dest): name{Rfn.hcl.pals} has been referenced but does not exis
t, replaced by a fixed one

pdfTeX warning (dest): name{Rfn.rapply} has been referenced but does not exist,
 replaced by a fixed one

pdfTeX warning (dest): name{Rfn.Environment\040Variables} has been referenced b
ut does not exist, replaced by a fixed one

pdfTeX warning (dest): name{Rfn.options} has been referenced but does not exist
, replaced by a fixed one

pdfTeX warning (dest): name{Rfn.return} has been referenced but does not exist,
 replaced by a fixed one

pdfTeX warning (dest): name{Rfn.next} has been referenced but does not exist, r
eplaced by a fixed one

pdfTeX warning (dest): name{Rfn.break} has been referenced but does not exist, 
replaced by a fixed one

pdfTeX warning (dest): name{Rfn.repeat} has been referenced but does not exist,
 replaced by a fixed one

pdfTeX warning (dest): name{Rfn.while} has been referenced but does not exist, 
replaced by a fixed one

pdfTeX warning (dest): name{Rfn.delayedAssign} has been referenced but does not
 exist, replaced by a fixed one

pdfTeX warning (dest): name{Rfn.col2rgb} has been referenced but does not exist
, replaced by a fixed one

pdfTeX warning (dest): name{Rfn.is.vector} has been referenced but does not exi
st, replaced by a fixed one

pdfTeX warning (dest): name{Rfn.par} has been referenced but does not exist, re
placed by a fixed one

pdfTeX warning (dest): name{Rfn.rainbow} has been referenced but does not exist
, replaced by a fixed one

pdfTeX warning (dest): name{Rfn.colorRampPalette} has been referenced but does 
not exist, replaced by a fixed one

pdfTeX warning (dest): name{Rfn.colorRamp} has been referenced but does not exi
st, replaced by a fixed one

pdfTeX warning (dest): name{Rfn.reference} has been referenced but does not exi
st, replaced by a fixed one

pdfTeX warning (dest): name{Rfn.basename} has been referenced but does not exis
t, replaced by a fixed one

pdfTeX warning (dest): name{Rfn.commandArgs} has been referenced but does not e
xist, replaced by a fixed one

pdfTeX warning (dest): name{Rfn.regex} has been referenced but does not exist, 
replaced by a fixed one

pdfTeX warning (dest): name{Rfn.wrapped} has been referenced but does not exist
, replaced by a fixed one

pdfTeX warning (dest): name{Rfn.length} has been referenced but does not exist,
 replaced by a fixed one

pdfTeX warning (dest): name{Rfn.[[} has been referenced but does not exist, rep
laced by a fixed one

pdfTeX warning (dest): name{Rfn.as.list} has been referenced but does not exist
, replaced by a fixed one

pdfTeX warning (dest): name{Rfn.names} has been referenced but does not exist, 
replaced by a fixed one

pdfTeX warning (dest): name{Rfn.array} has been referenced but does not exist, 
replaced by a fixed one

pdfTeX warning (dest): name{Rfn.match.fun} has been referenced but does not exi
st, replaced by a fixed one

 <C:\Users\andre\AppData\Local\MiKTeX\fonts/pk/ljfour/jknappen/ec/dpi600\tctt09
00.pk>{C:/Users/andre/AppData/Local/Programs/MiKTeX/fonts/enc/dvips/inconsolata
/i4-ts1.enc}{C:/Users/andre/AppData/Local/Programs/MiKTeX/fonts/enc/dvips/base/
8r.enc}{C:/Users/andre/AppData/Local/Programs/MiKTeX/fonts/enc/dvips/inconsolat
a/i4-t1-0.enc}<C:/Users/andre/AppData/Local/Programs/MiKTeX/fonts/type1/public/
inconsolata/Inconsolata-zi4r.pfb><C:/Users/andre/AppData/Local/Programs/MiKTeX/
fonts/type1/public/amsfonts/cm/cmex10.pfb><C:/Users/andre/AppData/Local/Program
s/MiKTeX/fonts/type1/public/amsfonts/cm/cmmi10.pfb><C:/Users/andre/AppData/Loca
l/Programs/MiKTeX/fonts/type1/public/amsfonts/cm/cmmi5.pfb><C:/Users/andre/AppD
ata/Local/Programs/MiKTeX/fonts/type1/public/amsfonts/cm/cmmi7.pfb><C:/Users/an
dre/AppData/Local/Programs/MiKTeX/fonts/type1/public/amsfonts/cm/cmr10.pfb><C:/
Users/andre/AppData/Local/Programs/MiKTeX/fonts/type1/public/amsfonts/cm/cmr5.p
fb><C:/Users/andre/AppData/Local/Programs/MiKTeX/fonts/type1/public/amsfonts/cm
/cmr7.pfb><C:/Users/andre/AppData/Local/Programs/MiKTeX/fonts/type1/public/amsf
onts/cm/cmsy10.pfb><C:/Users/andre/AppData/Local/Programs/MiKTeX/fonts/type1/pu
blic/amsfonts/cm/cmsy5.pfb><C:/Users/andre/AppData/Local/Programs/MiKTeX/fonts/
type1/public/amsfonts/cm/cmsy7.pfb><C:/Users/andre/AppData/Local/Programs/MiKTe
X/fonts/type1/urw/helvetic/uhvr8a.pfb><C:/Users/andre/AppData/Local/Programs/Mi
KTeX/fonts/type1/urw/times/utmb8a.pfb><C:/Users/andre/AppData/Local/Programs/Mi
KTeX/fonts/type1/urw/times/utmr8a.pfb><C:/Users/andre/AppData/Local/Programs/Mi
KTeX/fonts/type1/urw/times/utmr8a.pfb><C:/Users/andre/AppData/Local/Programs/Mi
KTeX/fonts/type1/urw/times/utmri8a.pfb>
Output written on Rd2.pdf (71 pages, 517259 bytes).
PDF statistics:
 1748 PDF objects out of 2073 (max. 8388607)
 647 named destinations out of 1000 (max. 500000)
 409 words of extra memory for PDF output out of 10000 (max. 10000000)

